Arguments: 
  C:\Program Files\nodejs\node.exe C:\Users\user\AppData\Roaming\npm\node_modules\yarn\bin\yarn.js add typescrpt --save-dev

PATH: 
  C:\Program Files\Eclipse Adoptium\jdk-11.0.16.101-hotspot\bin;C:\Program Files\Common Files\Oracle\Java\javapath;C:\Program Files (x86)\Common Files\Oracle\Java\javapath;C:\WINDOWS\system32;C:\WINDOWS;C:\WINDOWS\System32\Wbem;C:\WINDOWS\System32\WindowsPowerShell\v1.0\;C:\WINDOWS\System32\OpenSSH\;C:\Program Files\Microsoft VS Code\bin;C:\Program Files\Git\cmd;C:\Users\user\AppData\Local\Programs\Python\Python310;C:\Program Files\Java\jdk-13.0.1\bin;D:\android\android-sdk\platform-tools;C:\Program Files\Genymobile\Genymotion\tools;D:\android\android-sdk\tools;C:\Program Files\Java\jdk-11.0.16\bin;C:\ProgramData\chocolatey\bin;C:\Users\user\AppData\Roaming\nvm;C:\Program Files\nodejs;C:\Program Files\nodejs\;C:\Users\user\AppData\Local\Programs\Python\Python310\Scripts\;C:\Users\user\AppData\Local\Programs\Python\Python310\;C:\Users\user\AppData\Local\Microsoft\WindowsApps;C:\Users\user\AppData\Local\Programs\mongosh\;D:\android\android-sdk\platform-tools;C:\Users\user\.deta\bin;C:\Program Files\heroku\bin;C:\Users\user\AppData\Roaming\nvm;C:\Program Files\nodejs;C:\Users\user\AppData\Roaming\npm

Yarn version: 
  1.22.19

Node version: 
  19.9.0

Platform: 
  win32 x64

Trace: 
  Error: https://registry.yarnpkg.com/typescrpt: Not found
      at params.callback [as _callback] (C:\Users\user\AppData\Roaming\npm\node_modules\yarn\lib\cli.js:66145:18)
      at self.callback (C:\Users\user\AppData\Roaming\npm\node_modules\yarn\lib\cli.js:140890:22)
      at Request.emit (node:events:513:28)
      at Request.<anonymous> (C:\Users\user\AppData\Roaming\npm\node_modules\yarn\lib\cli.js:141862:10)
      at Request.emit (node:events:513:28)
      at IncomingMessage.<anonymous> (C:\Users\user\AppData\Roaming\npm\node_modules\yarn\lib\cli.js:141784:12)
      at Object.onceWrapper (node:events:627:28)
      at IncomingMessage.emit (node:events:525:35)
      at endReadableNT (node:internal/streams/readable:1359:12)
      at process.processTicksAndRejections (node:internal/process/task_queues:82:21)

npm manifest: 
  {
    "name": "university-management",
    "version": "1.0.0",
    "description": "",
    "main": "src/server.ts",
    "scripts": {
      "test": "echo \"Error: no test specified\" && exit 1"
    },
    "author": "khaled",
    "license": "ISC"
  }

yarn manifest: 
  No manifest

Lockfile: 
  No lockfile
